<?xml version="1.0" encoding="UTF-8"?>
<!-- Generated by org.testng.reporters.JUnitReportReporter -->
<testsuite hostname="LAPTOP-CR5PAUHT" failures="0" tests="1" name="com.atomation.CheckBoxes" time="4.332" errors="0" timestamp="2024-12-10T11:05:59 IST" skipped="0">
  <testcase classname="com.atomation.CheckBoxes" name="check" time="4.332"/>
  <system-out/>
</testsuite> <!-- com.atomation.CheckBoxes -->
